----------
1. ERROR in /Users/mxwllwang/vlab/sample-files/test.java (at line 4)
	int = "not an int";
	^^^
Syntax error, insert ". class" to complete Expression
----------
2. ERROR in /Users/mxwllwang/vlab/sample-files/test.java (at line 5)
	2nonExistantMethod(4);
	^
Syntax error, insert "AssignmentOperator Expression" to complete Assignment
----------
3. ERROR in /Users/mxwllwang/vlab/sample-files/test.java (at line 5)
	2nonExistantMethod(4);
	^
Syntax error, insert ";" to complete Statement
----------
4. ERROR in /Users/mxwllwang/vlab/sample-files/test.java (at line 6)
	System.out.println("hello world")
	                                ^
Syntax error, insert ";" to complete Statement
----------
4 problems (4 errors)